h:\project\daqint\x64\release\vc142.pdb
h:\project\daqint\x64\release\qint.obj
h:\project\daqint\x64\release\main.obj
c:\users\root\downloads\daqint\daqint\x64\release\vc142.pdb
c:\users\root\downloads\daqint\daqint\x64\release\qint.obj
c:\users\root\downloads\daqint\daqint\x64\release\main.obj
h:\project\daqint\x64\release\daqint.ipdb
h:\project\daqint\x64\release\daqint.iobj
h:\project\daqint\x64\release\daqint.exe
h:\project\daqint\x64\release\daqint.pdb
c:\users\root\downloads\daqint\daqint\x64\release\daqint.ipdb
c:\users\root\downloads\daqint\daqint\x64\release\daqint.iobj
c:\users\root\downloads\daqint\daqint\x64\release\daqint.pdb
c:\users\root\downloads\daqint\daqint\x64\release\daqint.exe
c:\users\root\downloads\daqint\daqint\x64\release\daqint.tlog\cl.command.1.tlog
c:\users\root\downloads\daqint\daqint\x64\release\daqint.tlog\cl.read.1.tlog
c:\users\root\downloads\daqint\daqint\x64\release\daqint.tlog\cl.write.1.tlog
c:\users\root\downloads\daqint\daqint\x64\release\daqint.tlog\daqint.write.1u.tlog
c:\users\root\downloads\daqint\daqint\x64\release\daqint.tlog\link.command.1.tlog
c:\users\root\downloads\daqint\daqint\x64\release\daqint.tlog\link.read.1.tlog
c:\users\root\downloads\daqint\daqint\x64\release\daqint.tlog\link.write.1.tlog
